Unity Editor version:    2021.3.2f1 (d6360bedb9a0)
Branch:                  2021.3/staging
Build type:              Release
Batch mode:              YES
macOS version:           Version 12.3 (Build 21E230)
Darwin version:          21.4.0
Architecture:            x86_64
Running under Rosetta:   NO
Available memory:        16384 MB
Using pre-set license
Pro License: YES

COMMAND LINE ARGUMENTS:
/Applications/Unity/Hub/Editor/2021.3.2f1/Unity.app/Contents/MacOS/Unity
-adb2
-batchMode
-noUpm
-name
AssetImportWorker0
-projectPath
/Users/reidburger/Desktop/Docs/SpaceShooter
-logFile
Logs/AssetImportWorker0.log
-srvPort
54984
Successfully changed project path to: /Users/reidburger/Desktop/Docs/SpaceShooter
/Users/reidburger/Desktop/Docs/SpaceShooter
[UnityMemory] Configuration Parameters - Can be set up in boot.config
    "memorysetup-bucket-allocator-granularity=16"
    "memorysetup-bucket-allocator-bucket-count=8"
    "memorysetup-bucket-allocator-block-size=33554432"
    "memorysetup-bucket-allocator-block-count=8"
    "memorysetup-main-allocator-block-size=16777216"
    "memorysetup-thread-allocator-block-size=16777216"
    "memorysetup-gfx-main-allocator-block-size=16777216"
    "memorysetup-gfx-thread-allocator-block-size=16777216"
    "memorysetup-cache-allocator-block-size=4194304"
    "memorysetup-typetree-allocator-block-size=2097152"
    "memorysetup-profiler-bucket-allocator-granularity=16"
    "memorysetup-profiler-bucket-allocator-bucket-count=8"
    "memorysetup-profiler-bucket-allocator-block-size=33554432"
    "memorysetup-profiler-bucket-allocator-block-count=8"
    "memorysetup-profiler-allocator-block-size=16777216"
    "memorysetup-profiler-editor-allocator-block-size=1048576"
    "memorysetup-temp-allocator-size-main=16777216"
    "memorysetup-job-temp-allocator-block-size=2097152"
    "memorysetup-job-temp-allocator-block-size-background=1048576"
    "memorysetup-job-temp-allocator-reduction-small-platforms=262144"
    "memorysetup-temp-allocator-size-background-worker=32768"
    "memorysetup-temp-allocator-size-job-worker=262144"
    "memorysetup-temp-allocator-size-preload-manager=33554432"
    "memorysetup-temp-allocator-size-nav-mesh-worker=65536"
    "memorysetup-temp-allocator-size-audio-worker=65536"
    "memorysetup-temp-allocator-size-cloud-worker=32768"
    "memorysetup-temp-allocator-size-gi-baking-worker=262144"
    "memorysetup-temp-allocator-size-gfx=262144"
Refreshing native plugins compatible for Editor in 109.37 ms, found 2 plugins.
Preloading 0 native plugins for Editor in 0.00 ms.
Initialize engine version: 2021.3.2f1 (d6360bedb9a0)
[Subsystems] Discovering subsystems at path /Applications/Unity/Hub/Editor/2021.3.2f1/Unity.app/Contents/Resources/UnitySubsystems
[Subsystems] Discovering subsystems at path /Users/reidburger/Desktop/Docs/SpaceShooter/Assets
GfxDevice: creating device client; threaded=0; jobified=0
Color LCD preferred device: Intel(R) UHD Graphics 630 (low power)
Metal devices available: 2
0: AMD Radeon Pro 555X (high power)
1: Intel(R) UHD Graphics 630 (low power)
Using device AMD Radeon Pro 555X (high power)
Initializing Metal device caps: AMD Radeon Pro 555X
Initialize mono
Mono path[0] = '/Applications/Unity/Hub/Editor/2021.3.2f1/Unity.app/Contents/Managed'
Mono path[1] = '/Applications/Unity/Hub/Editor/2021.3.2f1/Unity.app/Contents/MonoBleedingEdge/lib/mono/unityjit-macos'
Mono config path = '/Applications/Unity/Hub/Editor/2021.3.2f1/Unity.app/Contents/MonoBleedingEdge/etc'
Using monoOptions --debugger-agent=transport=dt_socket,embedding=1,server=y,suspend=n,address=127.0.0.1:56249
Begin MonoManager ReloadAssembly
Registering precompiled unity dll's ...
Register platform support module: /Applications/Unity/Hub/Editor/2021.3.2f1/Unity.app/Contents/PlaybackEngines/MacStandaloneSupport/UnityEditor.OSXStandalone.Extensions.dll
Register platform support module: /Applications/Unity/Hub/Editor/2021.3.2f1/PlaybackEngines/AndroidPlayer/UnityEditor.Android.Extensions.dll
Registered in 0.002354 seconds.
Native extension for Android target not found
Native extension for OSXStandalone target not found
Refreshing native plugins compatible for Editor in 102.77 ms, found 2 plugins.
Preloading 0 native plugins for Editor in 0.00 ms.
Mono: successfully reloaded assembly
- Completed reload, in  0.922 seconds
Domain Reload Profiling:
	ReloadAssembly (923ms)
		BeginReloadAssembly (71ms)
			ExecutionOrderSort (0ms)
			DisableScriptedObjects (0ms)
			BackupInstance (0ms)
			ReleaseScriptingObjects (0ms)
			CreateAndSetChildDomain (1ms)
		EndReloadAssembly (694ms)
			LoadAssemblies (71ms)
			RebuildTransferFunctionScriptingTraits (0ms)
			SetupTypeCache (186ms)
			ReleaseScriptCaches (0ms)
			RebuildScriptCaches (41ms)
			SetupLoadedEditorAssemblies (401ms)
				LogAssemblyErrors (0ms)
				InitializePlatformSupportModulesInManaged (57ms)
				SetLoadedEditorAssemblies (0ms)
				RefreshPlugins (103ms)
				BeforeProcessingInitializeOnLoad (2ms)
				ProcessInitializeOnLoadAttributes (166ms)
				ProcessInitializeOnLoadMethodAttributes (73ms)
				AfterProcessingInitializeOnLoad (0ms)
				EditorAssembliesLoaded (0ms)
			ExecutionOrderSort2 (0ms)
			AwakeInstancesAfterBackupRestoration (0ms)
Platform modules already initialized, skipping
Registering precompiled user dll's ...
Registered in 0.003627 seconds.
Begin MonoManager ReloadAssembly
Symbol file LoadedFromMemory doesn't match image /Users/reidburger/Desktop/Docs/SpaceShooter/Library/PackageCache/com.unity.visualscripting@1.7.8/Editor/VisualScripting.Core/Dependencies/YamlDotNet/Unity.VisualScripting.YamlDotNet.dll
Symbol file LoadedFromMemory doesn't match image /Users/reidburger/Desktop/Docs/SpaceShooter/Library/PackageCache/com.unity.visualscripting@1.7.8/Editor/VisualScripting.Core/Dependencies/DotNetZip/Unity.VisualScripting.IonicZip.dll
Native extension for Android target not found
Native extension for OSXStandalone target not found
Refreshing native plugins compatible for Editor in 0.83 ms, found 2 plugins.
Preloading 0 native plugins for Editor in 0.00 ms.
Mono: successfully reloaded assembly
- Completed reload, in  1.515 seconds
Domain Reload Profiling:
	ReloadAssembly (1516ms)
		BeginReloadAssembly (114ms)
			ExecutionOrderSort (0ms)
			DisableScriptedObjects (6ms)
			BackupInstance (0ms)
			ReleaseScriptingObjects (0ms)
			CreateAndSetChildDomain (25ms)
		EndReloadAssembly (1245ms)
			LoadAssemblies (89ms)
			RebuildTransferFunctionScriptingTraits (0ms)
			SetupTypeCache (398ms)
			ReleaseScriptCaches (1ms)
			RebuildScriptCaches (91ms)
			SetupLoadedEditorAssemblies (570ms)
				LogAssemblyErrors (0ms)
				InitializePlatformSupportModulesInManaged (18ms)
				SetLoadedEditorAssemblies (1ms)
				RefreshPlugins (1ms)
				BeforeProcessingInitializeOnLoad (96ms)
				ProcessInitializeOnLoadAttributes (406ms)
				ProcessInitializeOnLoadMethodAttributes (46ms)
				AfterProcessingInitializeOnLoad (2ms)
				EditorAssembliesLoaded (0ms)
			ExecutionOrderSort2 (0ms)
			AwakeInstancesAfterBackupRestoration (6ms)
Platform modules already initialized, skipping
========================================================================
Worker process is ready to serve import requests
Launching external process: /Applications/Unity/Hub/Editor/2021.3.2f1/Unity.app/Contents/Tools/UnityShaderCompiler
Launched and connected shader compiler UnityShaderCompiler after 0.07 seconds
Refreshing native plugins compatible for Editor in 0.79 ms, found 2 plugins.
Preloading 0 native plugins for Editor in 0.00 ms.
Unloading 3366 Unused Serialized files (Serialized files now loaded: 0)
Unloading 25 unused Assets / (43.6 KB). Loaded Objects now: 3826.
Memory consumption went from 232.1 MB to 232.0 MB.
Total: 3.528812 ms (FindLiveObjects: 0.311884 ms CreateObjectMapping: 0.212751 ms MarkObjects: 2.919299 ms  DeleteObjects: 0.083502 ms)

AssetImportParameters requested are different than current active one (requested -> active):
  custom:video-decoder-ogg-theora: a1e56fd34408186e4bbccfd4996cb3dc -> 
  custom:container-muxer-webm: aa71ff27fc2769a1b78a27578f13a17b -> 
  custom:container-demuxer-webm: 4f35f7cbe854078d1ac9338744f61a02 -> 
  custom:video-encoder-webm-vp8: eb34c28f22e8b96e1ab97ce403110664 -> 
  custom:framework-osx-AVFoundation: e770b220cccbd017edd2c1fefb359320 -> 
  custom:audio-encoder-webm-vorbis: bf7c407c2cedff20999df2af8eb42d56 -> 
  custom:container-demuxer-ogg: 62fdf1f143b41e24485cea50d1cbac27 -> 
  custom:video-decoder-webm-vp8: 9c59270c3fd7afecdb556c50c9e8de78 -> 
  custom:audio-decoder-ogg-vorbis: bf7c407c2cedff20999df2af8eb42d56 -> 
========================================================================
Received Import Request.
  Time since last request: 931454.376017 seconds.
  path: Assets/2D_Galaxy_Assets/ff51c104d85124c8fb1eb734a7fdf6ba/preview.png
  artifactKey: Guid(2679fbb4a77ab43bbadeff196c744f15) Importer(815301076,1909f56bfc062723c751e8b465ee728b)
Start importing Assets/2D_Galaxy_Assets/ff51c104d85124c8fb1eb734a7fdf6ba/preview.png using Guid(2679fbb4a77ab43bbadeff196c744f15) Importer(815301076,1909f56bfc062723c751e8b465ee728b)  -> (artifact id: '4ff6243e1f564930aafe3d2a8432e1d0') in 1.683187 seconds 
========================================================================
Received Import Request.
  Time since last request: 5.434786 seconds.
  path: Assets/2D_Galaxy_Assets/ff7e9cbddf7a947f9b41baa6aa502dfb/preview.png
  artifactKey: Guid(86c1b1debb2ef4805b588c18d264a10b) Importer(815301076,1909f56bfc062723c751e8b465ee728b)
Start importing Assets/2D_Galaxy_Assets/ff7e9cbddf7a947f9b41baa6aa502dfb/preview.png using Guid(86c1b1debb2ef4805b588c18d264a10b) Importer(815301076,1909f56bfc062723c751e8b465ee728b)  -> (artifact id: '52fed8989be431e9129aec13fc4294f9') in 0.013707 seconds 
========================================================================
Received Import Request.
  Time since last request: 3.669540 seconds.
  path: Assets/2D_Galaxy_Assets/fe043de436dc54045aa0e28dfa8c7b3b/preview.png
  artifactKey: Guid(770ba7ac32300450081dab683efb9ce5) Importer(815301076,1909f56bfc062723c751e8b465ee728b)
Start importing Assets/2D_Galaxy_Assets/fe043de436dc54045aa0e28dfa8c7b3b/preview.png using Guid(770ba7ac32300450081dab683efb9ce5) Importer(815301076,1909f56bfc062723c751e8b465ee728b)  -> (artifact id: '434db2079937309209810ed58bd2b1dd') in 0.011551 seconds 
========================================================================
Received Import Request.
  Time since last request: 2.812604 seconds.
  path: Assets/2D_Galaxy_Assets/fe043de436dc54045aa0e28dfa8c7b3b
  artifactKey: Guid(c1930d50b773442ffa08c9fd2d0a03df) Importer(815301076,1909f56bfc062723c751e8b465ee728b)
Start importing Assets/2D_Galaxy_Assets/fe043de436dc54045aa0e28dfa8c7b3b using Guid(c1930d50b773442ffa08c9fd2d0a03df) Importer(815301076,1909f56bfc062723c751e8b465ee728b)  -> (artifact id: '387ae2c44773ff29fec6871320b8dc84') in 0.000995 seconds 
========================================================================
Received Import Request.
  Time since last request: 4.566444 seconds.
  path: Assets/2D_Galaxy_Assets/fd5a2d175736b42c6b5dcab90172ceb1/preview.png
  artifactKey: Guid(5d8fc670396664945916835f13e89b8e) Importer(815301076,1909f56bfc062723c751e8b465ee728b)
Start importing Assets/2D_Galaxy_Assets/fd5a2d175736b42c6b5dcab90172ceb1/preview.png using Guid(5d8fc670396664945916835f13e89b8e) Importer(815301076,1909f56bfc062723c751e8b465ee728b)  -> (artifact id: 'f2376d6ebe03517edf48a00a783cc696') in 0.007144 seconds 
========================================================================
Received Import Request.
  Time since last request: 10.838236 seconds.
  path: Assets/2D_Galaxy_Assets/ff51c104d85124c8fb1eb734a7fdf6ba
  artifactKey: Guid(d2edc41715c57426487de5ca7355bac2) Importer(815301076,1909f56bfc062723c751e8b465ee728b)
Start importing Assets/2D_Galaxy_Assets/ff51c104d85124c8fb1eb734a7fdf6ba using Guid(d2edc41715c57426487de5ca7355bac2) Importer(815301076,1909f56bfc062723c751e8b465ee728b)  -> (artifact id: '91ed02cc502158379db5f6cbf6be38cc') in 0.001149 seconds 
========================================================================
Received Import Request.
  Time since last request: 4.577829 seconds.
  path: Assets/2D_Galaxy_Assets/b2bd7f3ae967f4084a3750a2eaada7ea
  artifactKey: Guid(d0270835e678e49c192cd2d298540bae) Importer(815301076,1909f56bfc062723c751e8b465ee728b)
Start importing Assets/2D_Galaxy_Assets/b2bd7f3ae967f4084a3750a2eaada7ea using Guid(d0270835e678e49c192cd2d298540bae) Importer(815301076,1909f56bfc062723c751e8b465ee728b)  -> (artifact id: 'a73a5a01a30ad458966e9bdec41a2827') in 0.000844 seconds 
========================================================================
Received Import Request.
  Time since last request: 1.531319 seconds.
  path: Assets/2D_Galaxy_Assets/0d2a3411cd96d4376bfc43624c9d28aa
  artifactKey: Guid(485dfdd45e5f24b2cbe09db99e6c3280) Importer(815301076,1909f56bfc062723c751e8b465ee728b)
Start importing Assets/2D_Galaxy_Assets/0d2a3411cd96d4376bfc43624c9d28aa using Guid(485dfdd45e5f24b2cbe09db99e6c3280) Importer(815301076,1909f56bfc062723c751e8b465ee728b)  -> (artifact id: '1ce5c870d31c8eda7e858e6c0aa47f11') in 0.001366 seconds 
========================================================================
Received Import Request.
  Time since last request: 0.783404 seconds.
  path: Assets/2D_Galaxy_Assets/0a4fcb091735d4ebaba319583cbed122
  artifactKey: Guid(3fdf1072ae89b4befa280ffed370fb30) Importer(815301076,1909f56bfc062723c751e8b465ee728b)
Start importing Assets/2D_Galaxy_Assets/0a4fcb091735d4ebaba319583cbed122 using Guid(3fdf1072ae89b4befa280ffed370fb30) Importer(815301076,1909f56bfc062723c751e8b465ee728b)  -> (artifact id: '72c39802f19424129dbff8c1b794653e') in 0.001114 seconds 
========================================================================
Received Import Request.
  Time since last request: 1.932268 seconds.
  path: Assets/2D_Galaxy_Assets/0a4fcb091735d4ebaba319583cbed122/preview.png
  artifactKey: Guid(d5244410a6eb74d778dac73fcb2fb3b2) Importer(815301076,1909f56bfc062723c751e8b465ee728b)
Start importing Assets/2D_Galaxy_Assets/0a4fcb091735d4ebaba319583cbed122/preview.png using Guid(d5244410a6eb74d778dac73fcb2fb3b2) Importer(815301076,1909f56bfc062723c751e8b465ee728b)  -> (artifact id: '069d288edd887ac521d1fd6ed50ddb18') in 0.013463 seconds 
========================================================================
Received Import Request.
  Time since last request: 16.282070 seconds.
  path: Assets/2D_Galaxy_Assets/0b8575480da734a70a059cf9eb025b81/preview.png
  artifactKey: Guid(0b5f761d6d061432b8a025d1f36efd6b) Importer(815301076,1909f56bfc062723c751e8b465ee728b)
Start importing Assets/2D_Galaxy_Assets/0b8575480da734a70a059cf9eb025b81/preview.png using Guid(0b5f761d6d061432b8a025d1f36efd6b) Importer(815301076,1909f56bfc062723c751e8b465ee728b)  -> (artifact id: '2ed6c6e550c99a3ea0880723fd179e7a') in 0.011395 seconds 
========================================================================
Received Import Request.
  Time since last request: 1.101705 seconds.
  path: Assets/2D_Galaxy_Assets/0a4fcb091735d4ebaba319583cbed122/preview.png
  artifactKey: Guid(d5244410a6eb74d778dac73fcb2fb3b2) Importer(815301076,1909f56bfc062723c751e8b465ee728b)
Start importing Assets/2D_Galaxy_Assets/0a4fcb091735d4ebaba319583cbed122/preview.png using Guid(d5244410a6eb74d778dac73fcb2fb3b2) Importer(815301076,1909f56bfc062723c751e8b465ee728b)  -> (artifact id: 'd959b5808e219a188ab1f57b805d4708') in 0.128264 seconds 
========================================================================
Received Import Request.
  Time since last request: 12.998786 seconds.
  path: Assets/2D_Galaxy_Assets/0c07d4b493afb43158afaae5c2dfb177
  artifactKey: Guid(ecad7ddb11fb44882abf176c810dbe37) Importer(815301076,1909f56bfc062723c751e8b465ee728b)
Start importing Assets/2D_Galaxy_Assets/0c07d4b493afb43158afaae5c2dfb177 using Guid(ecad7ddb11fb44882abf176c810dbe37) Importer(815301076,1909f56bfc062723c751e8b465ee728b)  -> (artifact id: '1b797b674c8a473cc4841d8cc485d0c7') in 0.000864 seconds 
========================================================================
Received Import Request.
  Time since last request: 1.625327 seconds.
  path: Assets/2D_Galaxy_Assets/0b8575480da734a70a059cf9eb025b81/preview.png
  artifactKey: Guid(0b5f761d6d061432b8a025d1f36efd6b) Importer(815301076,1909f56bfc062723c751e8b465ee728b)
Start importing Assets/2D_Galaxy_Assets/0b8575480da734a70a059cf9eb025b81/preview.png using Guid(0b5f761d6d061432b8a025d1f36efd6b) Importer(815301076,1909f56bfc062723c751e8b465ee728b)  -> (artifact id: '083f6b19c5d86699626e8630c87b73e4') in 0.033187 seconds 
========================================================================
Received Import Request.
  Time since last request: 11.006463 seconds.
  path: Assets/2D_Galaxy_Assets/0c07d4b493afb43158afaae5c2dfb177/preview.png
  artifactKey: Guid(70529fee51dc64187bff32c7e2e75054) Importer(815301076,1909f56bfc062723c751e8b465ee728b)
Start importing Assets/2D_Galaxy_Assets/0c07d4b493afb43158afaae5c2dfb177/preview.png using Guid(70529fee51dc64187bff32c7e2e75054) Importer(815301076,1909f56bfc062723c751e8b465ee728b)  -> (artifact id: '712b08f1b6551faa551a9b3508207908') in 0.009640 seconds 
========================================================================
Received Import Request.
  Time since last request: 5.871459 seconds.
  path: Assets/2D_Galaxy_Assets/0c07d4b493afb43158afaae5c2dfb177/preview.png
  artifactKey: Guid(70529fee51dc64187bff32c7e2e75054) Importer(815301076,1909f56bfc062723c751e8b465ee728b)
Start importing Assets/2D_Galaxy_Assets/0c07d4b493afb43158afaae5c2dfb177/preview.png using Guid(70529fee51dc64187bff32c7e2e75054) Importer(815301076,1909f56bfc062723c751e8b465ee728b)  -> (artifact id: 'ec94ef9e1aad5be7680a1679c16821dc') in 0.028538 seconds 
========================================================================
Received Import Request.
  Time since last request: 3.191599 seconds.
  path: Assets/2D_Galaxy_Assets/0cc757a8bfc7c49f186df041b0e23d3c/preview.png
  artifactKey: Guid(82e1a6bf944a44af9bda3520830cf3bd) Importer(815301076,1909f56bfc062723c751e8b465ee728b)
Start importing Assets/2D_Galaxy_Assets/0cc757a8bfc7c49f186df041b0e23d3c/preview.png using Guid(82e1a6bf944a44af9bda3520830cf3bd) Importer(815301076,1909f56bfc062723c751e8b465ee728b)  -> (artifact id: '5ae2ff75062513bcca5a20fa4f560317') in 0.012231 seconds 
========================================================================
Received Import Request.
  Time since last request: 3.615044 seconds.
  path: Assets/2D_Galaxy_Assets/0cc757a8bfc7c49f186df041b0e23d3c/preview.png
  artifactKey: Guid(82e1a6bf944a44af9bda3520830cf3bd) Importer(815301076,1909f56bfc062723c751e8b465ee728b)
Start importing Assets/2D_Galaxy_Assets/0cc757a8bfc7c49f186df041b0e23d3c/preview.png using Guid(82e1a6bf944a44af9bda3520830cf3bd) Importer(815301076,1909f56bfc062723c751e8b465ee728b)  -> (artifact id: '02301c1ad81ca37845b4d30842b36dd4') in 0.026049 seconds 
========================================================================
Received Import Request.
  Time since last request: 3.484411 seconds.
  path: Assets/2D_Galaxy_Assets/0ccf9bff3d9b66548b30a091bb449a18/pathname
  artifactKey: Guid(ccce2a83587424772b1d82c287fae587) Importer(815301076,1909f56bfc062723c751e8b465ee728b)
Start importing Assets/2D_Galaxy_Assets/0ccf9bff3d9b66548b30a091bb449a18/pathname using Guid(ccce2a83587424772b1d82c287fae587) Importer(815301076,1909f56bfc062723c751e8b465ee728b)  -> (artifact id: '85df6c0ba36f4d620489b369073f3dd9') in 0.001594 seconds 
========================================================================
Received Import Request.
  Time since last request: 0.790783 seconds.
  path: Assets/2D_Galaxy_Assets/0ccf9bff3d9b66548b30a091bb449a18/asset
  artifactKey: Guid(0ccf9bff3d9b66548b30a091bb449a18) Importer(815301076,1909f56bfc062723c751e8b465ee728b)
Start importing Assets/2D_Galaxy_Assets/0ccf9bff3d9b66548b30a091bb449a18/asset using Guid(0ccf9bff3d9b66548b30a091bb449a18) Importer(815301076,1909f56bfc062723c751e8b465ee728b)  -> (artifact id: 'e402a4f8db9dd77eb4f3e99f7e092c43') in 0.001103 seconds 
========================================================================
Received Import Request.
  Time since last request: 5.950692 seconds.
  path: Assets/2D_Galaxy_Assets/0d2a3411cd96d4376bfc43624c9d28aa/preview.png
  artifactKey: Guid(8fc9e2805f5af42cbaf068fa9db6e931) Importer(815301076,1909f56bfc062723c751e8b465ee728b)
Start importing Assets/2D_Galaxy_Assets/0d2a3411cd96d4376bfc43624c9d28aa/preview.png using Guid(8fc9e2805f5af42cbaf068fa9db6e931) Importer(815301076,1909f56bfc062723c751e8b465ee728b)  -> (artifact id: '83e73251c8e98d96448d8c3026ad1be7') in 0.013646 seconds 
========================================================================
Received Import Request.
  Time since last request: 129.507302 seconds.
  path: Assets/2D_Galaxy_Assets/0d2a3411cd96d4376bfc43624c9d28aa/preview.png
  artifactKey: Guid(8fc9e2805f5af42cbaf068fa9db6e931) Importer(815301076,1909f56bfc062723c751e8b465ee728b)
Start importing Assets/2D_Galaxy_Assets/0d2a3411cd96d4376bfc43624c9d28aa/preview.png using Guid(8fc9e2805f5af42cbaf068fa9db6e931) Importer(815301076,1909f56bfc062723c751e8b465ee728b)  -> (artifact id: '743c362cd38d0942c8daf8104a903277') in 0.022166 seconds 
========================================================================
Received Import Request.
  Time since last request: 2.859143 seconds.
  path: Assets/2D_Galaxy_Assets/0d1751003544c4e3fa250cb2194bcb4d/preview.png
  artifactKey: Guid(598d77c350a934fed8d9c8a54ffd059f) Importer(815301076,1909f56bfc062723c751e8b465ee728b)
Start importing Assets/2D_Galaxy_Assets/0d1751003544c4e3fa250cb2194bcb4d/preview.png using Guid(598d77c350a934fed8d9c8a54ffd059f) Importer(815301076,1909f56bfc062723c751e8b465ee728b)  -> (artifact id: 'e7215001d98e892821ddd50cfc18ec96') in 0.012808 seconds 
========================================================================
Received Import Request.
  Time since last request: 6.041979 seconds.
  path: Assets/2D_Galaxy_Assets/0d1751003544c4e3fa250cb2194bcb4d/preview.png
  artifactKey: Guid(598d77c350a934fed8d9c8a54ffd059f) Importer(815301076,1909f56bfc062723c751e8b465ee728b)
Start importing Assets/2D_Galaxy_Assets/0d1751003544c4e3fa250cb2194bcb4d/preview.png using Guid(598d77c350a934fed8d9c8a54ffd059f) Importer(815301076,1909f56bfc062723c751e8b465ee728b)  -> (artifact id: '418791693a093a449670aacbb9cf1380') in 0.030178 seconds 
========================================================================
Received Import Request.
  Time since last request: 4.488527 seconds.
  path: Assets/2D_Galaxy_Assets/0dca7a237738f409aaf402ba9104aef5/preview.png
  artifactKey: Guid(08327d9444fb74eb0ab8c087ab4d0204) Importer(815301076,1909f56bfc062723c751e8b465ee728b)
Start importing Assets/2D_Galaxy_Assets/0dca7a237738f409aaf402ba9104aef5/preview.png using Guid(08327d9444fb74eb0ab8c087ab4d0204) Importer(815301076,1909f56bfc062723c751e8b465ee728b)  -> (artifact id: '1bcd42d31293908185c85c74f18f5a63') in 0.013750 seconds 
========================================================================
Received Import Request.
  Time since last request: 5.453644 seconds.
  path: Assets/2D_Galaxy_Assets/0dca7a237738f409aaf402ba9104aef5/preview.png
  artifactKey: Guid(08327d9444fb74eb0ab8c087ab4d0204) Importer(815301076,1909f56bfc062723c751e8b465ee728b)
Start importing Assets/2D_Galaxy_Assets/0dca7a237738f409aaf402ba9104aef5/preview.png using Guid(08327d9444fb74eb0ab8c087ab4d0204) Importer(815301076,1909f56bfc062723c751e8b465ee728b)  -> (artifact id: '86cad414e58871182827e875089d2a36') in 0.027307 seconds 
========================================================================
Received Import Request.
  Time since last request: 2.716408 seconds.
  path: Assets/2D_Galaxy_Assets/0eb05621d9960488b828694fca4bd74a/preview.png
  artifactKey: Guid(c11b0c1c722cb47a283c20c6b6bb478e) Importer(815301076,1909f56bfc062723c751e8b465ee728b)
Start importing Assets/2D_Galaxy_Assets/0eb05621d9960488b828694fca4bd74a/preview.png using Guid(c11b0c1c722cb47a283c20c6b6bb478e) Importer(815301076,1909f56bfc062723c751e8b465ee728b)  -> (artifact id: '407e17cc2692f10fb4400187c437610f') in 0.012733 seconds 
========================================================================
Received Import Request.
  Time since last request: 3.849845 seconds.
  path: Assets/2D_Galaxy_Assets/0eb05621d9960488b828694fca4bd74a/preview.png
  artifactKey: Guid(c11b0c1c722cb47a283c20c6b6bb478e) Importer(815301076,1909f56bfc062723c751e8b465ee728b)
Start importing Assets/2D_Galaxy_Assets/0eb05621d9960488b828694fca4bd74a/preview.png using Guid(c11b0c1c722cb47a283c20c6b6bb478e) Importer(815301076,1909f56bfc062723c751e8b465ee728b)  -> (artifact id: 'fc4757e773ac4e8bf350a1f453b19419') in 0.027446 seconds 
========================================================================
Received Import Request.
  Time since last request: 4.924255 seconds.
  path: Assets/2D_Galaxy_Assets/0f00272c9f57a470b89cb4fd7dc1e2eb/preview.png
  artifactKey: Guid(33fd29495dc414b0f94ef3be6c5a6be4) Importer(815301076,1909f56bfc062723c751e8b465ee728b)
Start importing Assets/2D_Galaxy_Assets/0f00272c9f57a470b89cb4fd7dc1e2eb/preview.png using Guid(33fd29495dc414b0f94ef3be6c5a6be4) Importer(815301076,1909f56bfc062723c751e8b465ee728b)  -> (artifact id: 'a85293818f8b796698b10228017b01a6') in 0.013588 seconds 
========================================================================
Received Import Request.
  Time since last request: 8.812749 seconds.
  path: Assets/2D_Galaxy_Assets/0f00272c9f57a470b89cb4fd7dc1e2eb/preview.png
  artifactKey: Guid(33fd29495dc414b0f94ef3be6c5a6be4) Importer(815301076,1909f56bfc062723c751e8b465ee728b)
Start importing Assets/2D_Galaxy_Assets/0f00272c9f57a470b89cb4fd7dc1e2eb/preview.png using Guid(33fd29495dc414b0f94ef3be6c5a6be4) Importer(815301076,1909f56bfc062723c751e8b465ee728b)  -> (artifact id: 'a0a4c661a2eadbf852182933e03503a2') in 0.025114 seconds 
========================================================================
Received Import Request.
  Time since last request: 25.944584 seconds.
  path: Assets/2D_Galaxy_Assets/fd5a2d175736b42c6b5dcab90172ceb1/preview.png
  artifactKey: Guid(5d8fc670396664945916835f13e89b8e) Importer(815301076,1909f56bfc062723c751e8b465ee728b)
Start importing Assets/2D_Galaxy_Assets/fd5a2d175736b42c6b5dcab90172ceb1/preview.png using Guid(5d8fc670396664945916835f13e89b8e) Importer(815301076,1909f56bfc062723c751e8b465ee728b)  -> (artifact id: '357bd8d7904a10eab97209edd9defc37') in 0.026920 seconds 
========================================================================
Received Import Request.
  Time since last request: 7.679327 seconds.
  path: Assets/2D_Galaxy_Assets/fadf90cfbc0b3524ab83eda8a359c35a/preview.png
  artifactKey: Guid(7be2b7a9f6a5145ef91980634a667a09) Importer(815301076,1909f56bfc062723c751e8b465ee728b)
Start importing Assets/2D_Galaxy_Assets/fadf90cfbc0b3524ab83eda8a359c35a/preview.png using Guid(7be2b7a9f6a5145ef91980634a667a09) Importer(815301076,1909f56bfc062723c751e8b465ee728b)  -> (artifact id: 'ca9e5aaa6e09eb040470d340d28c46dd') in 0.014194 seconds 
========================================================================
Received Import Request.
  Time since last request: 6.074415 seconds.
  path: Assets/2D_Galaxy_Assets/fadf90cfbc0b3524ab83eda8a359c35a/preview.png
  artifactKey: Guid(7be2b7a9f6a5145ef91980634a667a09) Importer(815301076,1909f56bfc062723c751e8b465ee728b)
Start importing Assets/2D_Galaxy_Assets/fadf90cfbc0b3524ab83eda8a359c35a/preview.png using Guid(7be2b7a9f6a5145ef91980634a667a09) Importer(815301076,1909f56bfc062723c751e8b465ee728b)  -> (artifact id: '4e89eb795e63d6f193d4c77e17b4d4d4') in 0.026522 seconds 
========================================================================
Received Import Request.
  Time since last request: 7.249481 seconds.
  path: Assets/2D_Galaxy_Assets/fca63c482ee214bfba957504445b68f7/preview.png
  artifactKey: Guid(0269dc4a2a13640c5a05e6aad49300bb) Importer(815301076,1909f56bfc062723c751e8b465ee728b)
Start importing Assets/2D_Galaxy_Assets/fca63c482ee214bfba957504445b68f7/preview.png using Guid(0269dc4a2a13640c5a05e6aad49300bb) Importer(815301076,1909f56bfc062723c751e8b465ee728b)  -> (artifact id: 'b712afe18807bf3f533ea1df811e4f11') in 0.012670 seconds 
========================================================================
Received Import Request.
  Time since last request: 14.614194 seconds.
  path: Assets/2D_Galaxy_Assets/fca63c482ee214bfba957504445b68f7/preview.png
  artifactKey: Guid(0269dc4a2a13640c5a05e6aad49300bb) Importer(815301076,1909f56bfc062723c751e8b465ee728b)
Start importing Assets/2D_Galaxy_Assets/fca63c482ee214bfba957504445b68f7/preview.png using Guid(0269dc4a2a13640c5a05e6aad49300bb) Importer(815301076,1909f56bfc062723c751e8b465ee728b)  -> (artifact id: '093b38f5b88530a2bbabceb8c2ec330e') in 0.015566 seconds 
========================================================================
Received Import Request.
  Time since last request: 3.023771 seconds.
  path: Assets/2D_Galaxy_Assets/ff51c104d85124c8fb1eb734a7fdf6ba/asset
  artifactKey: Guid(ff51c104d85124c8fb1eb734a7fdf6ba) Importer(815301076,1909f56bfc062723c751e8b465ee728b)
Start importing Assets/2D_Galaxy_Assets/ff51c104d85124c8fb1eb734a7fdf6ba/asset using Guid(ff51c104d85124c8fb1eb734a7fdf6ba) Importer(815301076,1909f56bfc062723c751e8b465ee728b)  -> (artifact id: '64a68d80f9d0fb67ce6155bb0ed5976d') in 0.001751 seconds 
========================================================================
Received Import Request.
  Time since last request: 48.305996 seconds.
  path: Assets/2D_Galaxy_Assets/ff51c104d85124c8fb1eb734a7fdf6ba/pathname
  artifactKey: Guid(d5ac9fa88427a45c1ad0d574cc5a7a69) Importer(815301076,1909f56bfc062723c751e8b465ee728b)
Start importing Assets/2D_Galaxy_Assets/ff51c104d85124c8fb1eb734a7fdf6ba/pathname using Guid(d5ac9fa88427a45c1ad0d574cc5a7a69) Importer(815301076,1909f56bfc062723c751e8b465ee728b)  -> (artifact id: 'd6be555f4cd0f7d883c871f4dfe9b691') in 0.001363 seconds 
========================================================================
Received Import Request.
  Time since last request: 759.346937 seconds.
  path: Assets/GameDevHQ/FileBase/Projects
  artifactKey: Guid(0733adbd2b47341838e0abd8aa817100) Importer(815301076,1909f56bfc062723c751e8b465ee728b)
Start importing Assets/GameDevHQ/FileBase/Projects using Guid(0733adbd2b47341838e0abd8aa817100) Importer(815301076,1909f56bfc062723c751e8b465ee728b)  -> (artifact id: 'c1a077683cfdeb0e5d7c2bb0bf363602') in 0.002008 seconds 
========================================================================
Received Import Request.
  Time since last request: 9.545976 seconds.
  path: Assets/GameDevHQ/FileBase/Projects/Tutorials/Starter_Files/2D_Galaxy_Assets/Audio
  artifactKey: Guid(adcbab61c23b3a34fbeef065d78c8b4c) Importer(815301076,1909f56bfc062723c751e8b465ee728b)
Start importing Assets/GameDevHQ/FileBase/Projects/Tutorials/Starter_Files/2D_Galaxy_Assets/Audio using Guid(adcbab61c23b3a34fbeef065d78c8b4c) Importer(815301076,1909f56bfc062723c751e8b465ee728b)  -> (artifact id: '7baf48cee7d9f2eb99af348bd855d3e5') in 0.001093 seconds 
========================================================================
Received Import Request.
  Time since last request: 1.455674 seconds.
  path: Assets/GameDevHQ/FileBase/Projects/Tutorials/Starter_Files/2D_Galaxy_Assets/Sprites
  artifactKey: Guid(350ea535a7fabdb4b823e943917cef11) Importer(815301076,1909f56bfc062723c751e8b465ee728b)
Start importing Assets/GameDevHQ/FileBase/Projects/Tutorials/Starter_Files/2D_Galaxy_Assets/Sprites using Guid(350ea535a7fabdb4b823e943917cef11) Importer(815301076,1909f56bfc062723c751e8b465ee728b)  -> (artifact id: 'db47d041ecdbe15bbcee8cf56a3eae37') in 0.000797 seconds 
========================================================================
Received Import Request.
  Time since last request: 7.361705 seconds.
  path: Assets/GameDevHQ/FileBase
  artifactKey: Guid(85327a24a1b7e4c068670caa77ecfde7) Importer(815301076,1909f56bfc062723c751e8b465ee728b)
Start importing Assets/GameDevHQ/FileBase using Guid(85327a24a1b7e4c068670caa77ecfde7) Importer(815301076,1909f56bfc062723c751e8b465ee728b)  -> (artifact id: 'a8c63a9d0a76fbe6d266b685c1f512c2') in 0.000866 seconds 
========================================================================
Received Import Request.
  Time since last request: 19.138733 seconds.
  path: Assets/GameDevHQ/Materials
  artifactKey: Guid(f317289438a13e84bb89c4883b2703a5) Importer(815301076,1909f56bfc062723c751e8b465ee728b)
Start importing Assets/GameDevHQ/Materials using Guid(f317289438a13e84bb89c4883b2703a5) Importer(815301076,1909f56bfc062723c751e8b465ee728b)  -> (artifact id: 'ba29fe1575efa9e4e848ae89f13c94b6') in 0.000745 seconds 
========================================================================
Received Import Request.
  Time since last request: 2.391521 seconds.
  path: Assets/GameDevHQ/Materials/Shaders
  artifactKey: Guid(5d56ef7e812b4af47a6d0c5852f2de69) Importer(815301076,1909f56bfc062723c751e8b465ee728b)
Start importing Assets/GameDevHQ/Materials/Shaders using Guid(5d56ef7e812b4af47a6d0c5852f2de69) Importer(815301076,1909f56bfc062723c751e8b465ee728b)  -> (artifact id: '051588fee653ce6326717b9008045a45') in 0.001798 seconds 
========================================================================
Received Import Request.
  Time since last request: 7.268010 seconds.
  path: Assets/GameDevHQ
  artifactKey: Guid(1a3c26acc3fb146a4978f08abb06b4cc) Importer(815301076,1909f56bfc062723c751e8b465ee728b)
Start importing Assets/GameDevHQ using Guid(1a3c26acc3fb146a4978f08abb06b4cc) Importer(815301076,1909f56bfc062723c751e8b465ee728b)  -> (artifact id: 'c8f8b940b3b5a556f592bafbeb84527f') in 0.000918 seconds 
========================================================================
Received Import Request.
  Time since last request: 8.332448 seconds.
  path: Assets/Audio/explosion_sound.wav
  artifactKey: Guid(a885c043fab7e46438bba03ba9dab6bc) Importer(815301076,1909f56bfc062723c751e8b465ee728b)
Start importing Assets/Audio/explosion_sound.wav using Guid(a885c043fab7e46438bba03ba9dab6bc) Importer(815301076,1909f56bfc062723c751e8b465ee728b)  -> (artifact id: '695db11b958d7689ec87e6dd730f43e4') in 1.245853 seconds 
========================================================================
Received Import Request.
  Time since last request: 3.354230 seconds.
  path: Assets/Audio/music_background.wav
  artifactKey: Guid(5b17a0088dcdf924fa92da5af1e1be07) Importer(815301076,1909f56bfc062723c751e8b465ee728b)
Start importing Assets/Audio/music_background.wav using Guid(5b17a0088dcdf924fa92da5af1e1be07) Importer(815301076,1909f56bfc062723c751e8b465ee728b)  -> (artifact id: 'c39748d810c59f6e9e1eff8cdd8c7bf3') in 0.013808 seconds 
========================================================================
Received Import Request.
  Time since last request: 13.967561 seconds.
  path: Assets/Sprites/Asteroid.png
  artifactKey: Guid(6691643d9d08ede40bc93504dc8acb2e) Importer(815301076,1909f56bfc062723c751e8b465ee728b)
Start importing Assets/Sprites/Asteroid.png using Guid(6691643d9d08ede40bc93504dc8acb2e) Importer(815301076,1909f56bfc062723c751e8b465ee728b)  -> (artifact id: '3f0ed8844689df29d275cb8563d5ed5d') in 0.046140 seconds 
========================================================================
Received Import Request.
  Time since last request: 1.681099 seconds.
  path: Assets/Sprites/Explosion/Explosion_00000.png
  artifactKey: Guid(1d67ba02a3ae743ed81501156742929f) Importer(815301076,1909f56bfc062723c751e8b465ee728b)
Start importing Assets/Sprites/Explosion/Explosion_00000.png using Guid(1d67ba02a3ae743ed81501156742929f) Importer(815301076,1909f56bfc062723c751e8b465ee728b)  -> (artifact id: 'c0e02422d471d2b10282a3698ca41340') in 0.044463 seconds 
========================================================================
Received Import Request.
  Time since last request: 0.546714 seconds.
  path: Assets/Sprites/Explosion/Explosion_00005.png
  artifactKey: Guid(f725332a62c60433ea73daa985ae5448) Importer(815301076,1909f56bfc062723c751e8b465ee728b)
Start importing Assets/Sprites/Explosion/Explosion_00005.png using Guid(f725332a62c60433ea73daa985ae5448) Importer(815301076,1909f56bfc062723c751e8b465ee728b)  -> (artifact id: '7d224c58fbb8984a586cbb0685da781e') in 0.043583 seconds 
========================================================================
Received Import Request.
  Time since last request: 0.400275 seconds.
  path: Assets/Sprites/Explosion/Explosion_00011.png
  artifactKey: Guid(f3cb92afea9964a989cbf5ca344bd40d) Importer(815301076,1909f56bfc062723c751e8b465ee728b)
Start importing Assets/Sprites/Explosion/Explosion_00011.png using Guid(f3cb92afea9964a989cbf5ca344bd40d) Importer(815301076,1909f56bfc062723c751e8b465ee728b)  -> (artifact id: '3a6714f2653f96224afdfbbded31891a') in 0.045409 seconds 
========================================================================
Received Import Request.
  Time since last request: 0.848338 seconds.
  path: Assets/Sprites/Explosion/Explosion_00015.png
  artifactKey: Guid(fca63c482ee214bfba957504445b68f7) Importer(815301076,1909f56bfc062723c751e8b465ee728b)
Start importing Assets/Sprites/Explosion/Explosion_00015.png using Guid(fca63c482ee214bfba957504445b68f7) Importer(815301076,1909f56bfc062723c751e8b465ee728b)  -> (artifact id: 'c2e26aca310885122074388bf94693e8') in 0.046974 seconds 
========================================================================
Received Import Request.
  Time since last request: 0.736178 seconds.
  path: Assets/Sprites/Explosion/Explosion_00029.png
  artifactKey: Guid(e1c49d145e6a542c19dbb057bacb41f5) Importer(815301076,1909f56bfc062723c751e8b465ee728b)
Start importing Assets/Sprites/Explosion/Explosion_00029.png using Guid(e1c49d145e6a542c19dbb057bacb41f5) Importer(815301076,1909f56bfc062723c751e8b465ee728b)  -> (artifact id: 'deef27822054a11c195a83780ba39855') in 0.053983 seconds 
========================================================================
Received Import Request.
  Time since last request: 0.670755 seconds.
  path: Assets/Sprites/Explosion/Explosion_00052.png
  artifactKey: Guid(4bfee2190ee894cd0a564ffa47967af3) Importer(815301076,1909f56bfc062723c751e8b465ee728b)
Start importing Assets/Sprites/Explosion/Explosion_00052.png using Guid(4bfee2190ee894cd0a564ffa47967af3) Importer(815301076,1909f56bfc062723c751e8b465ee728b)  -> (artifact id: '8e997ec6c1f71da91df8589f009d11c6') in 0.054951 seconds 
========================================================================
Received Import Request.
  Time since last request: 0.705618 seconds.
  path: Assets/Sprites/Explosion/Explosion_00076.png
  artifactKey: Guid(5c03282cfdcd7472a9f5e5828297156d) Importer(815301076,1909f56bfc062723c751e8b465ee728b)
Start importing Assets/Sprites/Explosion/Explosion_00076.png using Guid(5c03282cfdcd7472a9f5e5828297156d) Importer(815301076,1909f56bfc062723c751e8b465ee728b)  -> (artifact id: 'e32043f0a85d6c24f504ec47d5089307') in 0.054916 seconds 
========================================================================
Received Import Request.
  Time since last request: 1.592291 seconds.
  path: Assets/Sprites/Explosion/Explosion_00157.png
  artifactKey: Guid(165bb423423fc4a569194618186b33f5) Importer(815301076,1909f56bfc062723c751e8b465ee728b)
Start importing Assets/Sprites/Explosion/Explosion_00157.png using Guid(165bb423423fc4a569194618186b33f5) Importer(815301076,1909f56bfc062723c751e8b465ee728b)  -> (artifact id: 'e76182a693f60297db9392d935d17d8c') in 0.045808 seconds 
========================================================================
Received Import Request.
  Time since last request: 0.602844 seconds.
  path: Assets/Sprites/laser.png
  artifactKey: Guid(b030d335857201646be69703e678d6e5) Importer(815301076,1909f56bfc062723c751e8b465ee728b)
Start importing Assets/Sprites/laser.png using Guid(b030d335857201646be69703e678d6e5) Importer(815301076,1909f56bfc062723c751e8b465ee728b)  -> (artifact id: 'b7210fe5960a7f78a04bdece82e3f5f5') in 0.027154 seconds 
========================================================================
Received Import Request.
  Time since last request: 3.430177 seconds.
  path: Assets/Sprites/Player_Hurt/Fire_00000.png
  artifactKey: Guid(371fa23a16c2b470dbbdf50d24a9c247) Importer(815301076,1909f56bfc062723c751e8b465ee728b)
Start importing Assets/Sprites/Player_Hurt/Fire_00000.png using Guid(371fa23a16c2b470dbbdf50d24a9c247) Importer(815301076,1909f56bfc062723c751e8b465ee728b)  -> (artifact id: '5d950db644bd60d53a4fdacd387bce7c') in 0.041979 seconds 
========================================================================
Received Import Request.
  Time since last request: 0.443096 seconds.
  path: Assets/Sprites/Player_Hurt/Fire_00001.png
  artifactKey: Guid(b9b1e0bfea2594a8ab7c72b806ba1f74) Importer(815301076,1909f56bfc062723c751e8b465ee728b)
Start importing Assets/Sprites/Player_Hurt/Fire_00001.png using Guid(b9b1e0bfea2594a8ab7c72b806ba1f74) Importer(815301076,1909f56bfc062723c751e8b465ee728b)  -> (artifact id: '99a2451a7b7751595a96b04ef4654b72') in 0.035170 seconds 
========================================================================
Received Import Request.
  Time since last request: 0.431698 seconds.
  path: Assets/Sprites/Player_Hurt/Fire_00004.png
  artifactKey: Guid(4be304567ca9445c6b56e5ee5ba36e98) Importer(815301076,1909f56bfc062723c751e8b465ee728b)
Start importing Assets/Sprites/Player_Hurt/Fire_00004.png using Guid(4be304567ca9445c6b56e5ee5ba36e98) Importer(815301076,1909f56bfc062723c751e8b465ee728b)  -> (artifact id: '359684ab2bd163fe35f27a5513920326') in 0.053713 seconds 
